<?xml version="1.0" encoding="UTF-8"?>
<!-- Generated by org.testng.reporters.JUnitReportReporter -->
<testsuite skipped="0" hostname="DESKTOP-5CGAVIR" name="com.crm.qa.testcases.SignUpPageTest" tests="1" failures="0" timestamp="2020-06-21T23:54:48 IST" time="23.079" errors="0">
  <testcase name="signuptest" time="23.079" classname="com.crm.qa.testcases.SignUpPageTest"/>
  <system-out/>
</testsuite> <!-- com.crm.qa.testcases.SignUpPageTest -->
