<?xml version="1.0" encoding="UTF-8"?>
<!-- Generated by org.testng.reporters.JUnitReportReporter -->
<testsuite skipped="0" hostname="DESKTOP-5CGAVIR" name="com.crm.qa.testcases.LoginPageTest" tests="2" failures="0" timestamp="2020-06-20T12:41:18 IST" time="53.055" errors="0">
  <testcase name="loginpagetitletest" time="32.256" classname="com.crm.qa.testcases.LoginPageTest"/>
  <system-out/>
  <testcase name="loginpageTest" time="20.799" classname="com.crm.qa.testcases.LoginPageTest"/>
  <system-out/>
</testsuite> <!-- com.crm.qa.testcases.LoginPageTest -->
