<?xml version="1.0" encoding="UTF-8"?>
<!-- Generated by org.testng.reporters.JUnitReportReporter -->
<testsuite skipped="0" hostname="DESKTOP-5CGAVIR" name="com.crm.qa.testcases.MainCRMPageTest" tests="1" failures="0" timestamp="2020-06-19T00:30:41 IST" time="33.285" errors="0">
  <testcase name="ValidateMainLoginButton" time="33.285" classname="com.crm.qa.testcases.MainCRMPageTest"/>
  <system-out/>
</testsuite> <!-- com.crm.qa.testcases.MainCRMPageTest -->
